2025-11-15 08:24:22,614 - INFO - ‚úì Using conda environment Python: C:\Users\patty\miniconda3\envs\lerobot\python.exe
2025-11-15 08:24:22,614 - INFO - ‚úì Environment prepared for virtual environment: C:\Users\patty\miniconda3\envs\lerobot
2025-11-15 08:24:22,696 - INFO - üîç Checking for missed execution...
2025-11-15 08:24:22,696 - INFO -    Last scheduled time: 2025-11-11 12:10:00
2025-11-15 08:24:22,696 - INFO -    Current time: 2025-11-15 08:24:22
2025-11-15 08:24:22,696 - INFO - üìÖ No previous execution found and scheduled time has passed - will run immediately
2025-11-15 08:24:22,696 - INFO - ‚ö° Missed execution detected on startup - running immediately
2025-11-15 08:24:22,704 - INFO - ==================================================
2025-11-15 08:24:22,704 - INFO - üöÄ Weekly task execution check
2025-11-15 08:24:22,704 - INFO - üìì Notebooks: 2
2025-11-15 08:24:22,704 - INFO -    1. Integrated-portfolio-analysis.ipynb
2025-11-15 08:24:22,704 - INFO -    2. query-perplexity-llm-stock-analysis.ipynb
2025-11-15 08:24:22,704 - INFO - üêç Python: C:\Users\patty\miniconda3\envs\lerobot\python.exe
2025-11-15 08:24:22,704 - INFO - üìÅ Virtual env: C:\Users\patty\miniconda3\envs\lerobot
2025-11-15 08:24:22,707 - INFO - ‚è∞ Current time: 2025-11-15 08:24:22.707070
2025-11-15 08:24:22,707 - INFO - üìÖ No previous execution found - task will run
2025-11-15 08:24:22,707 - INFO - ‚úÖ Proceeding with weekly execution
2025-11-15 08:24:22,707 - INFO - 
üìì [1/2] Running: Integrated-portfolio-analysis.ipynb
2025-11-15 08:24:22,707 - INFO - ‚úì Environment prepared for virtual environment: C:\Users\patty\miniconda3\envs\lerobot
2025-11-15 08:24:22,710 - INFO - üîÑ Executing notebook...
2025-11-15 08:25:57,852 - INFO - ‚úÖ Notebook 1 completed successfully
2025-11-15 08:25:57,859 - INFO - üì§ Output:
2025-11-15 08:25:57,859 - INFO -    Already up to date.
2025-11-15 08:25:57,860 - INFO - 
üìì [2/2] Running: query-perplexity-llm-stock-analysis.ipynb
2025-11-15 08:25:57,860 - INFO - ‚úì Environment prepared for virtual environment: C:\Users\patty\miniconda3\envs\lerobot
2025-11-15 08:25:57,861 - INFO - üîÑ Executing notebook...
2025-11-15 08:26:30,242 - ERROR - ‚ùå Notebook 2 failed with return code: 1
2025-11-15 08:26:30,252 - ERROR - üì§ Error output:
2025-11-15 08:26:30,252 - ERROR -    import sys
2025-11-15 08:26:30,252 - ERROR -    ------------------
2025-11-15 08:26:30,255 - ERROR -    
2025-11-15 08:26:30,255 - ERROR -    ----- stdout -----
2025-11-15 08:26:30,255 - ERROR -    Requirement already satisfied: python-docx in c:\users\patty\miniconda3\envs\lerobot\lib\site-packages (1.2.0)\u2705 Package installation examples shown above!
2025-11-15 08:26:30,258 - ERROR -    
2025-11-15 08:26:30,259 - ERROR -    Requirement already satisfied: lxml>=3.1.0 in c:\users\patty\miniconda3\envs\lerobot\lib\site-packages (from python-docx) (6.0.2)
2025-11-15 08:26:30,259 - ERROR -    Requirement already satisfied: typing_extensions>=4.9.0 in c:\users\patty\miniconda3\envs\lerobot\lib\site-packages (from python-docx) (4.15.0)
2025-11-15 08:26:30,259 - ERROR -    ------------------
2025-11-15 08:26:30,259 - ERROR -    
2025-11-15 08:26:30,259 - ERROR -    [1;31m---------------------------------------------------------------------------[0m
2025-11-15 08:26:30,259 - ERROR -    [1;31mModuleNotFoundError[0m                       Traceback (most recent call last)
2025-11-15 08:26:30,259 - ERROR -    Cell [1;32mIn[1], line 10[0m
2025-11-15 08:26:30,259 - ERROR -    [0;32m      8[0m [38;5;28;01mimport[39;00m [38;5;21;01msys[39;00m
2025-11-15 08:26:30,268 - ERROR -    [0;32m      9[0m [38;5;28;01mimport[39;00m [38;5;21;01mrequests[39;00m
2025-11-15 08:26:30,268 - ERROR -    [1;32m---> 10[0m [38;5;28;01mimport[39;00m [38;5;21;01mdocx[39;00m
2025-11-15 08:26:30,270 - ERROR -    [0;32m     11[0m [38;5;28;01mfrom[39;00m [38;5;21;01mdocx[39;00m [38;5;28;01mimport[39;00m Document
2025-11-15 08:26:30,272 - ERROR -    [0;32m     12[0m [38;5;28;01mfrom[39;00m [38;5;21;01mdocx[39;00m[38;5;21;01m.[39;00m[38;5;21;01mshared[39;00m [38;5;28;01mimport[39;00m Pt, RGBColor
2025-11-15 08:26:30,272 - ERROR -    
2025-11-15 08:26:30,274 - ERROR -    [1;31mModuleNotFoundError[0m: No module named 'docx'
2025-11-15 08:26:30,275 - ERROR - 
‚ùå Execution failed - will retry next scheduled time
2025-11-15 08:26:30,275 - INFO - üèÅ Weekly task execution finished
2025-11-15 08:26:30,275 - INFO - ==================================================
2025-11-15 08:26:30,275 - INFO - üöÄ Smart scheduler started
2025-11-15 08:26:30,284 - INFO - üìÖ Next scheduled execution: 2025-11-21 12:10:00
2025-11-15 08:31:02,317 - INFO - ‚úì Using conda environment Python: C:\Users\patty\miniconda3\envs\lerobot\python.exe
2025-11-15 08:31:02,317 - INFO - ‚úì Environment prepared for virtual environment: C:\Users\patty\miniconda3\envs\lerobot
2025-11-15 08:31:02,415 - INFO - üîç Checking for missed execution...
2025-11-15 08:31:02,415 - INFO -    Last scheduled time: 2025-11-11 12:10:00
2025-11-15 08:31:02,415 - INFO -    Current time: 2025-11-15 08:31:02
2025-11-15 08:31:02,415 - INFO - üìÖ No previous execution found and scheduled time has passed - will run immediately
2025-11-15 08:31:02,415 - INFO - ‚ö° Missed execution detected on startup - running immediately
2025-11-15 08:31:02,415 - INFO - ==================================================
2025-11-15 08:31:02,415 - INFO - üöÄ Weekly task execution check
2025-11-15 08:31:02,415 - INFO - üìì Notebooks: 2
2025-11-15 08:31:02,415 - INFO -    1. Integrated-portfolio-analysis.ipynb
2025-11-15 08:31:02,415 - INFO -    2. query-perplexity-llm-stock-analysis.ipynb
2025-11-15 08:31:02,415 - INFO - üêç Python: C:\Users\patty\miniconda3\envs\lerobot\python.exe
2025-11-15 08:31:02,415 - INFO - üìÅ Virtual env: C:\Users\patty\miniconda3\envs\lerobot
2025-11-15 08:31:02,415 - INFO - ‚è∞ Current time: 2025-11-15 08:31:02.415904
2025-11-15 08:31:02,415 - INFO - üìÖ No previous execution found - task will run
2025-11-15 08:31:02,415 - INFO - ‚úÖ Proceeding with weekly execution
2025-11-15 08:31:02,424 - INFO - 
üìì [1/2] Running: Integrated-portfolio-analysis.ipynb
2025-11-15 08:31:02,424 - INFO - ‚úì Environment prepared for virtual environment: C:\Users\patty\miniconda3\envs\lerobot
2025-11-15 08:31:02,425 - INFO - üîÑ Executing notebook...
2025-11-15 08:32:18,974 - INFO - ‚úÖ Notebook 1 completed successfully
2025-11-15 08:32:18,974 - INFO - 
üìì [2/2] Running: query-perplexity-llm-stock-analysis.ipynb
2025-11-15 08:32:18,974 - INFO - ‚úì Environment prepared for virtual environment: C:\Users\patty\miniconda3\envs\lerobot
2025-11-15 08:32:18,974 - INFO - üîÑ Executing notebook...
2025-11-15 08:32:37,187 - ERROR - ‚ùå Notebook 2 failed with return code: 1
2025-11-15 08:32:37,187 - ERROR - üì§ Error output:
2025-11-15 08:32:37,187 - ERROR -    import sys
2025-11-15 08:32:37,187 - ERROR -    ------------------
2025-11-15 08:32:37,187 - ERROR -    
2025-11-15 08:32:37,187 - ERROR -    ----- stdout -----
2025-11-15 08:32:37,187 - ERROR -    Requirement already satisfied: python-docx in c:\users\patty\miniconda3\envs\lerobot\lib\site-packages (1.2.0)
2025-11-15 08:32:37,187 - ERROR -    Requirement already satisfied: lxml>=3.1.0 in c:\users\patty\miniconda3\envs\lerobot\lib\site-packages (from python-docx) (6.0.2)
2025-11-15 08:32:37,187 - ERROR -    Requirement already satisfied: typing_extensions>=4.9.0 in c:\users\patty\miniconda3\envs\lerobot\lib\site-packages (from python-docx) (4.15.0)
2025-11-15 08:32:37,187 - ERROR -    \u2705 Package installation examples shown above!
2025-11-15 08:32:37,187 - ERROR -    ------------------
2025-11-15 08:32:37,187 - ERROR -    
2025-11-15 08:32:37,187 - ERROR -    [1;31m---------------------------------------------------------------------------[0m
2025-11-15 08:32:37,187 - ERROR -    [1;31mModuleNotFoundError[0m                       Traceback (most recent call last)
2025-11-15 08:32:37,187 - ERROR -    Cell [1;32mIn[1], line 10[0m
2025-11-15 08:32:37,187 - ERROR -    [0;32m      8[0m [38;5;28;01mimport[39;00m [38;5;21;01msys[39;00m
2025-11-15 08:32:37,211 - ERROR -    [0;32m      9[0m [38;5;28;01mimport[39;00m [38;5;21;01mrequests[39;00m
2025-11-15 08:32:37,211 - ERROR -    [1;32m---> 10[0m [38;5;28;01mimport[39;00m [38;5;21;01mdocx[39;00m
2025-11-15 08:32:37,211 - ERROR -    [0;32m     11[0m [38;5;28;01mfrom[39;00m [38;5;21;01mdocx[39;00m [38;5;28;01mimport[39;00m Document
2025-11-15 08:32:37,211 - ERROR -    [0;32m     12[0m [38;5;28;01mfrom[39;00m [38;5;21;01mdocx[39;00m[38;5;21;01m.[39;00m[38;5;21;01mshared[39;00m [38;5;28;01mimport[39;00m Pt, RGBColor
2025-11-15 08:32:37,211 - ERROR -    
2025-11-15 08:32:37,211 - ERROR -    [1;31mModuleNotFoundError[0m: No module named 'docx'
2025-11-15 08:32:37,211 - ERROR - 
‚ùå Execution failed - will retry next scheduled time
2025-11-15 08:32:37,211 - INFO - üèÅ Weekly task execution finished
2025-11-15 08:32:37,217 - INFO - ==================================================
2025-11-15 08:32:37,218 - INFO - üöÄ Smart scheduler started
2025-11-15 08:32:37,218 - INFO - üìÖ Next scheduled execution: 2025-11-21 12:10:00
